{"/home/travis/build/kaizhu256/node-visualization/test.js":{"path":"/home/travis/build/kaizhu256/node-visualization/test.js","s":{"1":2,"2":2,"3":2,"4":2,"5":2,"6":2,"7":2,"8":1,"9":2,"10":2,"11":2},"b":{"1":[2,1,1,1],"2":[1,1,1,1],"3":[1,1],"4":[2,1]},"f":{"1":2,"2":2,"3":2},"fnMap":{"1":{"name":"(anonymous_1)","line":12,"loc":{"start":{"line":12,"column":1},"end":{"line":12,"column":13}}},"2":{"name":"(anonymous_2)","line":19,"loc":{"start":{"line":19,"column":5},"end":{"line":19,"column":17}}},"3":{"name":"(anonymous_3)","line":23,"loc":{"start":{"line":23,"column":24},"end":{"line":23,"column":36}}}},"statementMap":{"1":{"start":{"line":12,"column":0},"end":{"line":46,"column":5}},"2":{"start":{"line":14,"column":4},"end":{"line":14,"column":14}},"3":{"start":{"line":19,"column":4},"end":{"line":45,"column":9}},"4":{"start":{"line":21,"column":8},"end":{"line":21,"column":19}},"5":{"start":{"line":23,"column":8},"end":{"line":35,"column":13}},"6":{"start":{"line":24,"column":12},"end":{"line":34,"column":13}},"7":{"start":{"line":25,"column":16},"end":{"line":28,"column":30}},"8":{"start":{"line":30,"column":16},"end":{"line":33,"column":27}},"9":{"start":{"line":37,"column":8},"end":{"line":39,"column":21}},"10":{"start":{"line":41,"column":8},"end":{"line":42,"column":49}},"11":{"start":{"line":44,"column":8},"end":{"line":44,"column":33}}},"branchMap":{"1":{"line":25,"type":"binary-expr","locations":[{"start":{"line":25,"column":23},"end":{"line":25,"column":62}},{"start":{"line":26,"column":20},"end":{"line":26,"column":70}},{"start":{"line":27,"column":20},"end":{"line":27,"column":71}},{"start":{"line":28,"column":20},"end":{"line":28,"column":29}}]},"2":{"line":30,"type":"binary-expr","locations":[{"start":{"line":30,"column":23},"end":{"line":30,"column":37}},{"start":{"line":31,"column":20},"end":{"line":31,"column":61}},{"start":{"line":32,"column":20},"end":{"line":32,"column":70}},{"start":{"line":33,"column":20},"end":{"line":33,"column":26}}]},"3":{"line":37,"type":"cond-expr","locations":[{"start":{"line":38,"column":14},"end":{"line":38,"column":20}},{"start":{"line":39,"column":14},"end":{"line":39,"column":20}}]},"4":{"line":41,"type":"binary-expr","locations":[{"start":{"line":41,"column":38},"end":{"line":41,"column":59}},{"start":{"line":42,"column":12},"end":{"line":42,"column":31}}]}},"code":["/* istanbul instrument in package visualization */","/*jslint","    bitwise: true,","    browser: true,","    maxerr: 8,","    maxlen: 100,","    node: true,","    nomen: true,","    regexp: true,","    stupid: true","*/","(function () {","    'use strict';","    var local;","","","","    // run shared js-env code - init-before","    (function () {","        // init local","        local = {};","        // init modeJs","        local.modeJs = (function () {","            try {","                return typeof navigator.userAgent === 'string' &&","                    typeof document.querySelector('body') === 'object' &&","                    typeof XMLHttpRequest.prototype.open === 'function' &&","                    'browser';","            } catch (errorCaughtBrowser) {","                return module.exports &&","                    typeof process.versions.node === 'string' &&","                    typeof require('http').createServer === 'function' &&","                    'node';","            }","        }());","        // init global","        local.global = local.modeJs === 'browser'","            ? window","            : global;","        // re-init local","        local = local.global.local = (local.global.utility2 ||","            require('utility2')).requireReadme();","        // init test","        local.testRunInit(local);","    }());","}());",""],"l":{"12":2,"14":2,"19":2,"21":2,"23":2,"24":2,"25":2,"30":1,"37":2,"41":2,"44":2}},"/home/travis/build/kaizhu256/node-visualization/lib.visualization.js":{"path":"/home/travis/build/kaizhu256/node-visualization/lib.visualization.js","s":{"1":2,"2":2,"3":2,"4":2,"5":2,"6":2,"7":2,"8":1,"9":2,"10":2,"11":2,"12":0,"13":0,"14":2,"15":1,"16":1,"17":83,"18":33,"19":1,"20":1,"21":2},"b":{"1":[2,1,1,1],"2":[1,1,1,1],"3":[1,1],"4":[2,2],"5":[0,2],"6":[0,0,0],"7":[1,1],"8":[33,50],"9":[83,83]},"f":{"1":2,"2":2,"3":2,"4":83},"fnMap":{"1":{"name":"(anonymous_1)","line":12,"loc":{"start":{"line":12,"column":1},"end":{"line":12,"column":13}}},"2":{"name":"(anonymous_2)","line":19,"loc":{"start":{"line":19,"column":5},"end":{"line":19,"column":17}}},"3":{"name":"(anonymous_3)","line":23,"loc":{"start":{"line":23,"column":24},"end":{"line":23,"column":36}}},"4":{"name":"(anonymous_4)","line":54,"loc":{"start":{"line":54,"column":60},"end":{"line":54,"column":75}}}},"statementMap":{"1":{"start":{"line":12,"column":0},"end":{"line":65,"column":5}},"2":{"start":{"line":14,"column":4},"end":{"line":14,"column":14}},"3":{"start":{"line":19,"column":4},"end":{"line":64,"column":9}},"4":{"start":{"line":21,"column":8},"end":{"line":21,"column":19}},"5":{"start":{"line":23,"column":8},"end":{"line":35,"column":13}},"6":{"start":{"line":24,"column":12},"end":{"line":34,"column":13}},"7":{"start":{"line":25,"column":16},"end":{"line":28,"column":30}},"8":{"start":{"line":30,"column":16},"end":{"line":33,"column":27}},"9":{"start":{"line":37,"column":8},"end":{"line":39,"column":21}},"10":{"start":{"line":41,"column":8},"end":{"line":41,"column":54}},"11":{"start":{"line":43,"column":8},"end":{"line":48,"column":9},"skip":true},"12":{"start":{"line":44,"column":12},"end":{"line":46,"column":55},"skip":true},"13":{"start":{"line":47,"column":12},"end":{"line":47,"column":28},"skip":true},"14":{"start":{"line":50,"column":8},"end":{"line":61,"column":9}},"15":{"start":{"line":51,"column":12},"end":{"line":51,"column":56}},"16":{"start":{"line":54,"column":12},"end":{"line":58,"column":15}},"17":{"start":{"line":55,"column":16},"end":{"line":57,"column":17}},"18":{"start":{"line":56,"column":20},"end":{"line":56,"column":46}},"19":{"start":{"line":59,"column":12},"end":{"line":59,"column":35}},"20":{"start":{"line":60,"column":12},"end":{"line":60,"column":49}},"21":{"start":{"line":63,"column":8},"end":{"line":63,"column":50}}},"branchMap":{"1":{"line":25,"type":"binary-expr","locations":[{"start":{"line":25,"column":23},"end":{"line":25,"column":62}},{"start":{"line":26,"column":20},"end":{"line":26,"column":70}},{"start":{"line":27,"column":20},"end":{"line":27,"column":71}},{"start":{"line":28,"column":20},"end":{"line":28,"column":29}}]},"2":{"line":30,"type":"binary-expr","locations":[{"start":{"line":30,"column":23},"end":{"line":30,"column":37}},{"start":{"line":31,"column":20},"end":{"line":31,"column":61}},{"start":{"line":32,"column":20},"end":{"line":32,"column":70}},{"start":{"line":33,"column":20},"end":{"line":33,"column":26}}]},"3":{"line":37,"type":"cond-expr","locations":[{"start":{"line":38,"column":14},"end":{"line":38,"column":20}},{"start":{"line":39,"column":14},"end":{"line":39,"column":20}}]},"4":{"line":41,"type":"binary-expr","locations":[{"start":{"line":41,"column":16},"end":{"line":41,"column":44}},{"start":{"line":41,"column":48},"end":{"line":41,"column":53}}]},"5":{"line":43,"type":"if","locations":[{"start":{"line":43,"column":8},"end":{"line":43,"column":8},"skip":true},{"start":{"line":43,"column":8},"end":{"line":43,"column":8},"skip":true}]},"6":{"line":44,"type":"binary-expr","locations":[{"start":{"line":44,"column":20},"end":{"line":44,"column":48},"skip":true},{"start":{"line":45,"column":16},"end":{"line":45,"column":48},"skip":true},{"start":{"line":46,"column":16},"end":{"line":46,"column":54},"skip":true}]},"7":{"line":50,"type":"if","locations":[{"start":{"line":50,"column":8},"end":{"line":50,"column":8}},{"start":{"line":50,"column":8},"end":{"line":50,"column":8}}]},"8":{"line":55,"type":"if","locations":[{"start":{"line":55,"column":16},"end":{"line":55,"column":16}},{"start":{"line":55,"column":16},"end":{"line":55,"column":16}}]},"9":{"line":55,"type":"binary-expr","locations":[{"start":{"line":55,"column":20},"end":{"line":55,"column":31}},{"start":{"line":55,"column":35},"end":{"line":55,"column":61}}]}},"code":["/* istanbul instrument in package visualization */","/*jslint","    bitwise: true,","    browser: true,","    maxerr: 8,","    maxlen: 100,","    node: true,","    nomen: true,","    regexp: true,","    stupid: true","*/","(function () {","    'use strict';","    var local;","","","","    // run shared js-env code - init-before","    (function () {","        // init local","        local = {};","        // init modeJs","        local.modeJs = (function () {","            try {","                return typeof navigator.userAgent === 'string' &&","                    typeof document.querySelector('body') === 'object' &&","                    typeof XMLHttpRequest.prototype.open === 'function' &&","                    'browser';","            } catch (errorCaughtBrowser) {","                return module.exports &&","                    typeof process.versions.node === 'string' &&","                    typeof require('http').createServer === 'function' &&","                    'node';","            }","        }());","        // init global","        local.global = local.modeJs === 'browser'","            ? window","            : global;","        // init utility2_rollup","        local = local.global.utility2_rollup || local;","        /* istanbul ignore next */","        if (!local) {","            local = local.global.utility2_rollup ||","                local.global.utility2_rollup_old ||","                require('./assets.utility2.rollup.js');","            local.fs = null;","        }","        // init exports","        if (local.modeJs === 'browser') {","            local.global.utility2_visualization = local;","        } else {","            // require builtins","            Object.keys(process.binding('natives')).forEach(function (key) {","                if (!local[key] && !(/\\/|^_|^sys$/).test(key)) {","                    local[key] = require(key);","                }","            });","            module.exports = local;","            module.exports.__dirname = __dirname;","        }","        // init lib","        local.local = local.visualization = local;","    }());","}());",""],"l":{"12":2,"14":2,"19":2,"21":2,"23":2,"24":2,"25":2,"30":1,"37":2,"41":2,"43":2,"44":1,"47":1,"50":2,"51":1,"54":1,"55":83,"56":33,"59":1,"60":1,"63":2}},"/home/travis/build/kaizhu256/node-visualization/example.js":{"path":"/home/travis/build/kaizhu256/node-visualization/example.js","s":{"1":2,"2":2,"3":2,"4":2,"5":2,"6":2,"7":2,"8":1,"9":2,"10":2,"11":2,"12":2,"13":1,"14":2,"15":2,"16":2,"17":2,"18":2,"19":0,"20":2,"21":1,"22":1,"23":1,"24":1,"25":1,"26":0,"27":0,"28":1,"29":1,"30":2,"31":0,"32":0,"33":0,"34":1,"35":2,"36":2,"37":10,"38":10,"39":10,"40":10,"41":0,"42":10,"43":10,"44":10,"45":1,"46":3,"47":1,"48":1,"49":1,"50":1,"51":1,"52":83,"53":0,"54":1,"55":1,"56":1,"57":4,"58":4,"59":4,"60":0,"61":1,"62":6,"63":6,"64":1,"65":2,"66":0,"67":2,"68":1,"69":1,"70":1,"71":0,"72":0,"73":0,"74":0,"75":0,"76":0,"77":0,"78":0,"79":0,"80":0,"81":0,"82":0,"83":0,"84":0,"85":0,"86":0,"87":0},"b":{"1":[2,1,1,1],"2":[1,1,1,1],"3":[1,1],"4":[2,2],"5":[1,1],"6":[1,1],"7":[2,0],"8":[2,1,1,1,1,1],"9":[0,2,0],"10":[1,1],"11":[2,1,1],"12":[1,0],"13":[0,2],"14":[2,0,0,0,0,0,0],"15":[0,10],"16":[10,0],"17":[0,83],"18":[83,50],"19":[1,1],"20":[4,3],"21":[0,4],"22":[1,2,0,2,1],"23":[1,0],"24":[1,0],"25":[0,0],"26":[0,0],"27":[0,0],"28":[0,0],"29":[0,0],"30":[0,0],"31":[0,0]},"f":{"1":2,"2":2,"3":2,"4":2,"5":2,"6":2,"7":10,"8":10,"9":3,"10":1,"11":83,"12":4,"13":6,"14":0},"fnMap":{"1":{"name":"(anonymous_1)","line":126,"loc":{"start":{"line":126,"column":1},"end":{"line":126,"column":13}}},"2":{"name":"(anonymous_2)","line":133,"loc":{"start":{"line":133,"column":5},"end":{"line":133,"column":17}}},"3":{"name":"(anonymous_3)","line":137,"loc":{"start":{"line":137,"column":24},"end":{"line":137,"column":36}}},"4":{"name":"(anonymous_4)","line":168,"loc":{"start":{"line":168,"column":31},"end":{"line":168,"column":48}},"skip":true},"5":{"name":"(anonymous_5)","line":177,"loc":{"start":{"line":177,"column":26},"end":{"line":177,"column":45}},"skip":true},"6":{"name":"(anonymous_6)","line":221,"loc":{"start":{"line":221,"column":33},"end":{"line":221,"column":48}},"skip":true},"7":{"name":"(anonymous_7)","line":223,"loc":{"start":{"line":223,"column":27},"end":{"line":223,"column":39}},"skip":true},"8":{"name":"(anonymous_8)","line":231,"loc":{"start":{"line":231,"column":59},"end":{"line":231,"column":74}},"skip":true},"9":{"name":"(anonymous_9)","line":241,"loc":{"start":{"line":241,"column":45},"end":{"line":241,"column":62}},"skip":true},"10":{"name":"(anonymous_10)","line":242,"loc":{"start":{"line":242,"column":73},"end":{"line":242,"column":92}},"skip":true},"11":{"name":"(anonymous_11)","line":258,"loc":{"start":{"line":258,"column":56},"end":{"line":258,"column":71}},"skip":true},"12":{"name":"(anonymous_12)","line":458,"loc":{"start":{"line":458,"column":18},"end":{"line":458,"column":34}},"skip":true},"13":{"name":"(anonymous_13)","line":471,"loc":{"start":{"line":471,"column":47},"end":{"line":471,"column":73}},"skip":true},"14":{"name":"(anonymous_14)","line":515,"loc":{"start":{"line":515,"column":32},"end":{"line":515,"column":61}},"skip":true}},"statementMap":{"1":{"start":{"line":126,"column":0},"end":{"line":526,"column":5}},"2":{"start":{"line":128,"column":4},"end":{"line":128,"column":14}},"3":{"start":{"line":133,"column":4},"end":{"line":160,"column":9}},"4":{"start":{"line":135,"column":8},"end":{"line":135,"column":19}},"5":{"start":{"line":137,"column":8},"end":{"line":149,"column":13}},"6":{"start":{"line":138,"column":12},"end":{"line":148,"column":13}},"7":{"start":{"line":139,"column":16},"end":{"line":142,"column":30}},"8":{"start":{"line":144,"column":16},"end":{"line":147,"column":27}},"9":{"start":{"line":151,"column":8},"end":{"line":153,"column":21}},"10":{"start":{"line":155,"column":8},"end":{"line":157,"column":45}},"11":{"start":{"line":159,"column":8},"end":{"line":159,"column":35}},"12":{"start":{"line":161,"column":4},"end":{"line":525,"column":5}},"13":{"start":{"line":168,"column":8},"end":{"line":219,"column":10},"skip":true},"14":{"start":{"line":169,"column":12},"end":{"line":187,"column":13},"skip":true},"15":{"start":{"line":175,"column":16},"end":{"line":186,"column":19},"skip":true},"16":{"start":{"line":178,"column":20},"end":{"line":185,"column":21},"skip":true},"17":{"start":{"line":181,"column":24},"end":{"line":181,"column":43},"skip":true},"18":{"start":{"line":182,"column":24},"end":{"line":182,"column":30},"skip":true},"19":{"start":{"line":184,"column":24},"end":{"line":184,"column":49},"skip":true},"20":{"start":{"line":188,"column":12},"end":{"line":205,"column":13},"skip":true},"21":{"start":{"line":191,"column":16},"end":{"line":200,"column":17},"skip":true},"22":{"start":{"line":192,"column":20},"end":{"line":192,"column":88},"skip":true},"23":{"start":{"line":193,"column":20},"end":{"line":193,"column":97},"skip":true},"24":{"start":{"line":194,"column":20},"end":{"line":194,"column":42},"skip":true},"25":{"start":{"line":195,"column":20},"end":{"line":195,"column":48},"skip":true},"26":{"start":{"line":198,"column":20},"end":{"line":198,"column":86},"skip":true},"27":{"start":{"line":199,"column":20},"end":{"line":199,"column":96},"skip":true},"28":{"start":{"line":201,"column":16},"end":{"line":201,"column":22},"skip":true},"29":{"start":{"line":204,"column":16},"end":{"line":204,"column":22},"skip":true},"30":{"start":{"line":206,"column":12},"end":{"line":218,"column":13},"skip":true},"31":{"start":{"line":212,"column":16},"end":{"line":217,"column":17},"skip":true},"32":{"start":{"line":214,"column":20},"end":{"line":214,"column":78},"skip":true},"33":{"start":{"line":216,"column":20},"end":{"line":216,"column":47},"skip":true},"34":{"start":{"line":221,"column":8},"end":{"line":239,"column":11},"skip":true},"35":{"start":{"line":222,"column":12},"end":{"line":222,"column":54},"skip":true},"36":{"start":{"line":223,"column":12},"end":{"line":238,"column":14},"skip":true},"37":{"start":{"line":224,"column":16},"end":{"line":224,"column":28},"skip":true},"38":{"start":{"line":225,"column":16},"end":{"line":225,"column":69},"skip":true},"39":{"start":{"line":226,"column":16},"end":{"line":226,"column":75},"skip":true},"40":{"start":{"line":227,"column":16},"end":{"line":229,"column":17},"skip":true},"41":{"start":{"line":228,"column":20},"end":{"line":228,"column":27},"skip":true},"42":{"start":{"line":231,"column":16},"end":{"line":235,"column":36},"skip":true},"43":{"start":{"line":232,"column":20},"end":{"line":234,"column":55},"skip":true},"44":{"start":{"line":237,"column":16},"end":{"line":237,"column":57},"skip":true},"45":{"start":{"line":241,"column":8},"end":{"line":245,"column":11},"skip":true},"46":{"start":{"line":242,"column":12},"end":{"line":244,"column":15},"skip":true},"47":{"start":{"line":243,"column":16},"end":{"line":243,"column":70},"skip":true},"48":{"start":{"line":247,"column":8},"end":{"line":247,"column":31},"skip":true},"49":{"start":{"line":248,"column":8},"end":{"line":248,"column":14},"skip":true},"50":{"start":{"line":256,"column":8},"end":{"line":256,"column":31},"skip":true},"51":{"start":{"line":258,"column":8},"end":{"line":262,"column":11},"skip":true},"52":{"start":{"line":259,"column":12},"end":{"line":261,"column":13},"skip":true},"53":{"start":{"line":260,"column":16},"end":{"line":260,"column":42},"skip":true},"54":{"start":{"line":264,"column":8},"end":{"line":264,"column":50},"skip":true},"55":{"start":{"line":266,"column":8},"end":{"line":451,"column":2},"skip":true},"56":{"start":{"line":453,"column":8},"end":{"line":467,"column":11},"skip":true},"57":{"start":{"line":459,"column":12},"end":{"line":459,"column":30},"skip":true},"58":{"start":{"line":460,"column":12},"end":{"line":460,"column":66},"skip":true},"59":{"start":{"line":461,"column":12},"end":{"line":466,"column":13},"skip":true},"60":{"start":{"line":462,"column":16},"end":{"line":465,"column":18},"skip":true},"61":{"start":{"line":468,"column":8},"end":{"line":486,"column":15},"skip":true},"62":{"start":{"line":473,"column":16},"end":{"line":473,"column":31},"skip":true},"63":{"start":{"line":474,"column":16},"end":{"line":485,"column":17},"skip":true},"64":{"start":{"line":476,"column":20},"end":{"line":476,"column":60},"skip":true},"65":{"start":{"line":478,"column":20},"end":{"line":478,"column":43},"skip":true},"66":{"start":{"line":480,"column":20},"end":{"line":480,"column":43},"skip":true},"67":{"start":{"line":482,"column":20},"end":{"line":482,"column":35},"skip":true},"68":{"start":{"line":484,"column":20},"end":{"line":484,"column":34},"skip":true},"69":{"start":{"line":488,"column":8},"end":{"line":490,"column":9},"skip":true},"70":{"start":{"line":489,"column":12},"end":{"line":489,"column":18},"skip":true},"71":{"start":{"line":491,"column":8},"end":{"line":493,"column":54},"skip":true},"72":{"start":{"line":496,"column":8},"end":{"line":501,"column":37},"skip":true},"73":{"start":{"line":503,"column":8},"end":{"line":503,"column":82},"skip":true},"74":{"start":{"line":506,"column":8},"end":{"line":508,"column":9},"skip":true},"75":{"start":{"line":507,"column":12},"end":{"line":507,"column":82},"skip":true},"76":{"start":{"line":510,"column":8},"end":{"line":512,"column":9},"skip":true},"77":{"start":{"line":511,"column":12},"end":{"line":511,"column":18},"skip":true},"78":{"start":{"line":513,"column":8},"end":{"line":513,"column":54},"skip":true},"79":{"start":{"line":514,"column":8},"end":{"line":514,"column":69},"skip":true},"80":{"start":{"line":515,"column":8},"end":{"line":523,"column":36},"skip":true},"81":{"start":{"line":516,"column":12},"end":{"line":516,"column":61},"skip":true},"82":{"start":{"line":517,"column":12},"end":{"line":520,"column":13},"skip":true},"83":{"start":{"line":518,"column":16},"end":{"line":518,"column":75},"skip":true},"84":{"start":{"line":519,"column":16},"end":{"line":519,"column":23},"skip":true},"85":{"start":{"line":521,"column":12},"end":{"line":521,"column":38},"skip":true},"86":{"start":{"line":522,"column":12},"end":{"line":522,"column":27},"skip":true},"87":{"start":{"line":524,"column":8},"end":{"line":524,"column":14},"skip":true}},"branchMap":{"1":{"line":139,"type":"binary-expr","locations":[{"start":{"line":139,"column":23},"end":{"line":139,"column":62}},{"start":{"line":140,"column":20},"end":{"line":140,"column":70}},{"start":{"line":141,"column":20},"end":{"line":141,"column":71}},{"start":{"line":142,"column":20},"end":{"line":142,"column":29}}]},"2":{"line":144,"type":"binary-expr","locations":[{"start":{"line":144,"column":23},"end":{"line":144,"column":37}},{"start":{"line":145,"column":20},"end":{"line":145,"column":61}},{"start":{"line":146,"column":20},"end":{"line":146,"column":70}},{"start":{"line":147,"column":20},"end":{"line":147,"column":26}}]},"3":{"line":151,"type":"cond-expr","locations":[{"start":{"line":152,"column":14},"end":{"line":152,"column":20}},{"start":{"line":153,"column":14},"end":{"line":153,"column":20}}]},"4":{"line":155,"type":"binary-expr","locations":[{"start":{"line":155,"column":16},"end":{"line":155,"column":44}},{"start":{"line":155,"column":49},"end":{"line":157,"column":43}}]},"5":{"line":155,"type":"cond-expr","locations":[{"start":{"line":156,"column":14},"end":{"line":156,"column":49}},{"start":{"line":157,"column":14},"end":{"line":157,"column":43}}]},"6":{"line":161,"type":"switch","locations":[{"start":{"line":167,"column":4},"end":{"line":248,"column":14},"skip":true},{"start":{"line":254,"column":4},"end":{"line":524,"column":14},"skip":true}]},"7":{"line":169,"type":"if","locations":[{"start":{"line":169,"column":12},"end":{"line":169,"column":12},"skip":true},{"start":{"line":169,"column":12},"end":{"line":169,"column":12},"skip":true}]},"8":{"line":169,"type":"binary-expr","locations":[{"start":{"line":169,"column":16},"end":{"line":169,"column":22},"skip":true},{"start":{"line":169,"column":27},"end":{"line":169,"column":32},"skip":true},{"start":{"line":170,"column":20},"end":{"line":170,"column":39},"skip":true},{"start":{"line":171,"column":20},"end":{"line":171,"column":49},"skip":true},{"start":{"line":172,"column":20},"end":{"line":172,"column":58},"skip":true},{"start":{"line":173,"column":20},"end":{"line":173,"column":69},"skip":true}]},"9":{"line":178,"type":"switch","locations":[{"start":{"line":179,"column":20},"end":{"line":179,"column":33},"skip":true},{"start":{"line":180,"column":20},"end":{"line":182,"column":30},"skip":true},{"start":{"line":183,"column":20},"end":{"line":184,"column":49},"skip":true}]},"10":{"line":188,"type":"switch","locations":[{"start":{"line":189,"column":12},"end":{"line":201,"column":22},"skip":true},{"start":{"line":203,"column":12},"end":{"line":204,"column":22},"skip":true}]},"11":{"line":188,"type":"binary-expr","locations":[{"start":{"line":188,"column":20},"end":{"line":188,"column":25},"skip":true},{"start":{"line":188,"column":29},"end":{"line":188,"column":48},"skip":true},{"start":{"line":188,"column":52},"end":{"line":188,"column":74},"skip":true}]},"12":{"line":191,"type":"if","locations":[{"start":{"line":191,"column":16},"end":{"line":191,"column":16},"skip":true},{"start":{"line":191,"column":16},"end":{"line":191,"column":16},"skip":true}]},"13":{"line":206,"type":"if","locations":[{"start":{"line":206,"column":12},"end":{"line":206,"column":12},"skip":true},{"start":{"line":206,"column":12},"end":{"line":206,"column":12},"skip":true}]},"14":{"line":206,"type":"binary-expr","locations":[{"start":{"line":206,"column":16},"end":{"line":206,"column":61},"skip":true},{"start":{"line":206,"column":66},"end":{"line":206,"column":72},"skip":true},{"start":{"line":206,"column":77},"end":{"line":206,"column":82},"skip":true},{"start":{"line":207,"column":20},"end":{"line":207,"column":39},"skip":true},{"start":{"line":208,"column":20},"end":{"line":208,"column":49},"skip":true},{"start":{"line":209,"column":20},"end":{"line":209,"column":58},"skip":true},{"start":{"line":210,"column":20},"end":{"line":210,"column":68},"skip":true}]},"15":{"line":227,"type":"if","locations":[{"start":{"line":227,"column":16},"end":{"line":227,"column":16},"skip":true},{"start":{"line":227,"column":16},"end":{"line":227,"column":16},"skip":true}]},"16":{"line":232,"type":"cond-expr","locations":[{"start":{"line":233,"column":26},"end":{"line":233,"column":29},"skip":true},{"start":{"line":234,"column":26},"end":{"line":234,"column":54},"skip":true}]},"17":{"line":259,"type":"if","locations":[{"start":{"line":259,"column":12},"end":{"line":259,"column":12},"skip":true},{"start":{"line":259,"column":12},"end":{"line":259,"column":12},"skip":true}]},"18":{"line":259,"type":"binary-expr","locations":[{"start":{"line":259,"column":16},"end":{"line":259,"column":27},"skip":true},{"start":{"line":259,"column":31},"end":{"line":259,"column":57},"skip":true}]},"19":{"line":264,"type":"binary-expr","locations":[{"start":{"line":264,"column":27},"end":{"line":264,"column":43},"skip":true},{"start":{"line":264,"column":47},"end":{"line":264,"column":49},"skip":true}]},"20":{"line":460,"type":"binary-expr","locations":[{"start":{"line":460,"column":37},"end":{"line":460,"column":59},"skip":true},{"start":{"line":460,"column":63},"end":{"line":460,"column":65},"skip":true}]},"21":{"line":461,"type":"if","locations":[{"start":{"line":461,"column":12},"end":{"line":461,"column":12},"skip":true},{"start":{"line":461,"column":12},"end":{"line":461,"column":12},"skip":true}]},"22":{"line":474,"type":"switch","locations":[{"start":{"line":475,"column":16},"end":{"line":476,"column":60},"skip":true},{"start":{"line":477,"column":16},"end":{"line":478,"column":43},"skip":true},{"start":{"line":479,"column":16},"end":{"line":480,"column":43},"skip":true},{"start":{"line":481,"column":16},"end":{"line":482,"column":35},"skip":true},{"start":{"line":483,"column":16},"end":{"line":484,"column":34},"skip":true}]},"23":{"line":488,"type":"if","locations":[{"start":{"line":488,"column":8},"end":{"line":488,"column":8},"skip":true},{"start":{"line":488,"column":8},"end":{"line":488,"column":8},"skip":true}]},"24":{"line":488,"type":"binary-expr","locations":[{"start":{"line":488,"column":12},"end":{"line":488,"column":35},"skip":true},{"start":{"line":488,"column":39},"end":{"line":488,"column":67},"skip":true}]},"25":{"line":492,"type":"binary-expr","locations":[{"start":{"line":492,"column":12},"end":{"line":492,"column":50},"skip":true},{"start":{"line":493,"column":12},"end":{"line":493,"column":53},"skip":true}]},"26":{"line":497,"type":"binary-expr","locations":[{"start":{"line":497,"column":12},"end":{"line":497,"column":56},"skip":true},{"start":{"line":498,"column":12},"end":{"line":501,"column":36},"skip":true}]},"27":{"line":503,"type":"binary-expr","locations":[{"start":{"line":503,"column":43},"end":{"line":503,"column":75},"skip":true},{"start":{"line":503,"column":79},"end":{"line":503,"column":81},"skip":true}]},"28":{"line":506,"type":"if","locations":[{"start":{"line":506,"column":8},"end":{"line":506,"column":8},"skip":true},{"start":{"line":506,"column":8},"end":{"line":506,"column":8},"skip":true}]},"29":{"line":510,"type":"if","locations":[{"start":{"line":510,"column":8},"end":{"line":510,"column":8},"skip":true},{"start":{"line":510,"column":8},"end":{"line":510,"column":8},"skip":true}]},"30":{"line":513,"type":"binary-expr","locations":[{"start":{"line":513,"column":27},"end":{"line":513,"column":43},"skip":true},{"start":{"line":513,"column":47},"end":{"line":513,"column":53},"skip":true}]},"31":{"line":517,"type":"if","locations":[{"start":{"line":517,"column":12},"end":{"line":517,"column":12},"skip":true},{"start":{"line":517,"column":12},"end":{"line":517,"column":12},"skip":true}]}},"code":["","","","","","","","","","","","","","","","","","","","","","","","","","","","","","","","","","","","","","","","","","","","","","","","","","","","","","","","","","","","","","","","","","","","","","","","","","","","","","","","","","","","","","","","","","","","","","","","","","","","/*","example.js","","this script will run a web-demo of visualization","","instruction","    1. save this script as example.js","    2. run the shell command:","        $ npm install visualization && PORT=8081 node example.js","    3. open a browser to http://127.0.0.1:8081 and play with the web-demo","    4. edit this script to suit your needs","*/","","","","/* istanbul instrument in package visualization */","/*jslint","    bitwise: true,","    browser: true,","    maxerr: 8,","    maxlen: 100,","    node: true,","    nomen: true,","    regexp: true,","    stupid: true","*/","(function () {","    'use strict';","    var local;","","","","    // run shared js-env code - init-before","    (function () {","        // init local","        local = {};","        // init modeJs","        local.modeJs = (function () {","            try {","                return typeof navigator.userAgent === 'string' &&","                    typeof document.querySelector('body') === 'object' &&","                    typeof XMLHttpRequest.prototype.open === 'function' &&","                    'browser';","            } catch (errorCaughtBrowser) {","                return module.exports &&","                    typeof process.versions.node === 'string' &&","                    typeof require('http').createServer === 'function' &&","                    'node';","            }","        }());","        // init global","        local.global = local.modeJs === 'browser'","            ? window","            : global;","        // init utility2_rollup","        local = local.global.utility2_rollup || (local.modeJs === 'browser'","            ? local.global.utility2_visualization","            : global.utility2_moduleExports);","        // init exports","        local.global.local = local;","    }());","    switch (local.modeJs) {","","","","    // run browser js-env code - init-test","    /* istanbul ignore next */","    case 'browser':","        local.testRunBrowser = function (event) {","            if (!event || (event &&","                    event.currentTarget &&","                    event.currentTarget.className &&","                    event.currentTarget.className.includes &&","                    event.currentTarget.className.includes('onreset'))) {","                // reset output","                Array.from(","                    document.querySelectorAll('body > .resettable')","                ).forEach(function (element) {","                    switch (element.tagName) {","                    case 'INPUT':","                    case 'TEXTAREA':","                        element.value = '';","                        break;","                    default:","                        element.textContent = '';","                    }","                });","            }","            switch (event && event.currentTarget && event.currentTarget.id) {","            case 'testRunButton1':","                // show tests","                if (document.querySelector('#testReportDiv1').style.maxHeight === '0px') {","                    local.uiAnimateSlideDown(document.querySelector('#testReportDiv1'));","                    document.querySelector('#testRunButton1').textContent = 'hide internal test';","                    local.modeTest = true;","                    local.testRunDefault(local);","                // hide tests","                } else {","                    local.uiAnimateSlideUp(document.querySelector('#testReportDiv1'));","                    document.querySelector('#testRunButton1').textContent = 'run internal test';","                }","                break;","            // custom-case","            default:","                break;","            }","            if (document.querySelector('#inputTextareaEval1') && (!event || (event &&","                    event.currentTarget &&","                    event.currentTarget.className &&","                    event.currentTarget.className.includes &&","                    event.currentTarget.className.includes('oneval')))) {","                // try to eval input-code","                try {","                    /*jslint evil: true*/","                    eval(document.querySelector('#inputTextareaEval1').value);","                } catch (errorCaught) {","                    console.error(errorCaught);","                }","            }","        };","        // log stderr and stdout to #outputTextareaStdout1","        ['error', 'log'].forEach(function (key) {","            console[key + '_original'] = console[key];","            console[key] = function () {","                var element;","                console[key + '_original'].apply(console, arguments);","                element = document.querySelector('#outputTextareaStdout1');","                if (!element) {","                    return;","                }","                // append text to #outputTextareaStdout1","                element.value += Array.from(arguments).map(function (arg) {","                    return typeof arg === 'string'","                        ? arg","                        : JSON.stringify(arg, null, 4);","                }).join(' ') + '\\n';","                // scroll textarea to bottom","                element.scrollTop = element.scrollHeight;","            };","        });","        // init event-handling","        ['change', 'click', 'keyup'].forEach(function (event) {","            Array.from(document.querySelectorAll('.on' + event)).forEach(function (element) {","                element.addEventListener(event, local.testRunBrowser);","            });","        });","        // run tests","        local.testRunBrowser();","        break;","","","","    // run node js-env code - init-test","    /* istanbul ignore next */","    case 'node':","        // init exports","        module.exports = local;","        // require builtins","        Object.keys(process.binding('natives')).forEach(function (key) {","            if (!local[key] && !(/\\/|^_|^sys$/).test(key)) {","                local[key] = require(key);","            }","        });","        // init assets","        local.assetsDict = local.assetsDict || {};","        /* jslint-ignore-begin */","        local.assetsDict['/assets.index.template.html'] = '\\","<!doctype html>\\n\\","<html lang=\"en\">\\n\\","<head>\\n\\","<meta charset=\"UTF-8\">\\n\\","<meta name=\"viewport\" content=\"width=device-width, initial-scale=1\">\\n\\","<!-- \"assets.index.default.template.html\" -->\\n\\","<title>{{env.npm_package_name}} (v{{env.npm_package_version}})</title>\\n\\","<style>\\n\\","/*csslint\\n\\","    box-sizing: false,\\n\\","    universal-selector: false\\n\\","*/\\n\\","*,\\n\\","*:after,\\n\\","*:before {\\n\\","    box-sizing: border-box;\\n\\","}\\n\\","body {\\n\\","    background: #dde;\\n\\","    font-family: Arial, Helvetica, sans-serif;\\n\\","    margin: 0 40px;\\n\\","}\\n\\","body > a,\\n\\","body > button,\\n\\","body > div,\\n\\","body > input,\\n\\","body > pre,\\n\\","body > select,\\n\\","body > span,\\n\\","body > textarea {\\n\\","    margin-bottom: 20px;\\n\\","}\\n\\","body > button {\\n\\","    width: 20rem;\\n\\","}\\n\\","button {\\n\\","    cursor: pointer;\\n\\","}\\n\\","pre {\\n\\","    overflow-wrap: break-word;\\n\\","    white-space: pre-wrap;\\n\\","}\\n\\","@keyframes uiAnimateShake {\\n\\","    100% {\\n\\","        transform: translateX(0);\\n\\","    }\\n\\","    0%, 20%, 60% {\\n\\","        transform: translateX(10px);\\n\\","    }\\n\\","    40%, 80% {\\n\\","        transform: translateX(-10px);\\n\\","    }\\n\\","}\\n\\",".uiAnimateShake {\\n\\","    animation-duration: 500ms;\\n\\","    animation-name: uiAnimateShake;\\n\\","}\\n\\",".uiAnimateSlide {\\n\\","    overflow-y: hidden;\\n\\","    transition: max-height ease-in 250ms, min-height ease-in 250ms, padding-bottom ease-in 250ms, padding-top ease-in 250ms;\\n\\","}\\n\\","@keyframes uiAnimateSpin {\\n\\","    0% { transform: rotate(0deg); }\\n\\","    100% { transform: rotate(360deg); }\\n\\","}\\n\\",".utility2FooterDiv {\\n\\","    text-align: center;\\n\\","}\\n\\",".zeroPixel {\\n\\","    border: 0;\\n\\","    height: 0;\\n\\","    margin: 0;\\n\\","    padding: 0;\\n\\","    width: 0;\\n\\","}\\n\\","</style>\\n\\","<style>\\n\\","/*csslint\\n\\","*/\\n\\","textarea {\\n\\","    font-family: monospace;\\n\\","    height: 10rem;\\n\\","    width: 100%;\\n\\","}\\n\\","textarea[readonly] {\\n\\","    background: #ddd;\\n\\","}\\n\\","</style>\\n\\","</head>\\n\\","<body>\\n\\","<div id=\"ajaxProgressDiv1\" style=\"background: #d00; height: 2px; left: 0; margin: 0; padding: 0; position: fixed; top: 0; transition: background 500ms, width 1500ms; width: 0%; z-index: 1;\"></div>\\n\\","<div class=\"uiAnimateSpin\" style=\"animation: uiAnimateSpin 2s linear infinite; border: 5px solid #999; border-radius: 50%; border-top: 5px solid #7d7; display: none; height: 25px; vertical-align: middle; width: 25px;\"></div>\\n\\","<script>\\n\\","/*jslint\\n\\","    bitwise: true,\\n\\","    browser: true,\\n\\","    maxerr: 8,\\n\\","    maxlen: 100,\\n\\","    node: true,\\n\\","    nomen: true,\\n\\","    regexp: true,\\n\\","    stupid: true\\n\\","*/\\n\\","(function () {\\n\\","    \"use strict\";\\n\\","    var ajaxProgressDiv1,\\n\\","        ajaxProgressState,\\n\\","        ajaxProgressUpdate,\\n\\","        timerIntervalAjaxProgressUpdate;\\n\\","    ajaxProgressDiv1 = document.querySelector(\"#ajaxProgressDiv1\");\\n\\","    setTimeout(function () {\\n\\","        ajaxProgressDiv1.style.width = \"25%\";\\n\\","    });\\n\\","    ajaxProgressState = 0;\\n\\","    ajaxProgressUpdate = (window.local &&\\n\\","        window.local.ajaxProgressUpdate) || function () {\\n\\","        ajaxProgressDiv1.style.width = \"100%\";\\n\\","        setTimeout(function () {\\n\\","            ajaxProgressDiv1.style.background = \"transparent\";\\n\\","            setTimeout(function () {\\n\\","                ajaxProgressDiv1.style.width = \"0%\";\\n\\","            }, 500);\\n\\","        }, 1500);\\n\\","    };\\n\\","    timerIntervalAjaxProgressUpdate = setInterval(function () {\\n\\","        ajaxProgressState += 1;\\n\\","        ajaxProgressDiv1.style.width = Math.max(\\n\\","            100 - 75 * Math.exp(-0.125 * ajaxProgressState),\\n\\","            Number(ajaxProgressDiv1.style.width.slice(0, -1)) || 0\\n\\","        ) + \"%\";\\n\\","    }, 1000);\\n\\","    window.addEventListener(\"load\", function () {\\n\\","        clearInterval(timerIntervalAjaxProgressUpdate);\\n\\","        ajaxProgressUpdate();\\n\\","    });\\n\\","}());\\n\\","</script>\\n\\","<h1>\\n\\","<!-- utility2-comment\\n\\","    <a\\n\\","        {{#if env.npm_package_homepage}}\\n\\","        href=\"{{env.npm_package_homepage}}\"\\n\\","        {{/if env.npm_package_homepage}}\\n\\","        target=\"_blank\"\\n\\","    >\\n\\","utility2-comment -->\\n\\","        {{env.npm_package_name}} (v{{env.npm_package_version}})\\n\\","<!-- utility2-comment\\n\\","    </a>\\n\\","utility2-comment -->\\n\\","</h1>\\n\\","<h3>{{env.npm_package_description}}</h3>\\n\\","<!-- utility2-comment\\n\\","<h4><a download href=\"assets.app.js\">download standalone app</a></h4>\\n\\","<button class=\"onclick onreset\" id=\"testRunButton1\">run internal test</button><br>\\n\\","<div class=\"uiAnimateSlide\" id=\"testReportDiv1\" style=\"border-bottom: 0; border-top: 0; margin-bottom: 0; margin-top: 0; max-height: 0; padding-bottom: 0; padding-top: 0;\"></div>\\n\\","utility2-comment -->\\n\\","\\n\\","\\n\\","\\n\\","<label>stderr and stdout</label>\\n\\","<textarea class=\"resettable\" id=\"outputTextareaStdout1\" readonly></textarea>\\n\\","<!-- utility2-comment\\n\\","{{#if isRollup}}\\n\\","<script src=\"assets.app.js\"></script>\\n\\","{{#unless isRollup}}\\n\\","utility2-comment -->\\n\\","<script src=\"assets.utility2.rollup.js\"></script>\\n\\","<script>window.utility2.onResetBefore.counter += 1;</script>\\n\\","<script src=\"jsonp.utility2.stateInit?callback=window.utility2.stateInit\"></script>\\n\\","<script src=\"assets.visualization.js\"></script>\\n\\","<script src=\"assets.example.js\"></script>\\n\\","<script src=\"assets.test.js\"></script>\\n\\","<script>window.utility2.onResetBefore();</script>\\n\\","<!-- utility2-comment\\n\\","{{/if isRollup}}\\n\\","utility2-comment -->\\n\\","<div class=\"utility2FooterDiv\">\\n\\","    [ this app was created with\\n\\","    <a href=\"https://github.com/kaizhu256/node-utility2\" target=\"_blank\">utility2</a>\\n\\","    ]\\n\\","</div>\\n\\","</body>\\n\\","</html>\\n\\","';","        /* jslint-ignore-end */","        [","            'assets.index.css',","            'assets.index.template.html',","            'assets.swgg.swagger.json',","            'assets.swgg.swagger.server.json'","        ].forEach(function (file) {","            file = '/' + file;","            local.assetsDict[file] = local.assetsDict[file] || '';","            if (local.fs.existsSync(local.__dirname + file)) {","                local.assetsDict[file] = local.fs.readFileSync(","                    local.__dirname + file,","                    'utf8'","                );","            }","        });","        local.assetsDict['/'] =","            local.assetsDict['/assets.example.html'] =","            local.assetsDict['/assets.index.template.html']","            .replace((/\\{\\{env\\.(\\w+?)\\}\\}/g), function (match0, match1) {","                // jslint-hack","                String(match0);","                switch (match1) {","                case 'npm_package_description':","                    return 'the greatest app in the world!';","                case 'npm_package_name':","                    return 'visualization';","                case 'npm_package_nameLib':","                    return 'visualization';","                case 'npm_package_version':","                    return '0.0.1';","                default:","                    return match0;","                }","            });","        // init cli","        if (module !== require.main || local.global.utility2_rollup) {","            break;","        }","        local.assetsDict['/assets.example.js'] =","            local.assetsDict['/assets.example.js'] ||","            local.fs.readFileSync(__filename, 'utf8');","        // bug-workaround - long $npm_package_buildCustomOrg","        /* jslint-ignore-begin */","        local.assetsDict['/assets.visualization.js'] =","            local.assetsDict['/assets.visualization.js'] ||","            local.fs.readFileSync(","                local.__dirname + '/lib.visualization.js',","                'utf8'","            ).replace((/^#!/), '//');","        /* jslint-ignore-end */","        local.assetsDict['/favicon.ico'] = local.assetsDict['/favicon.ico'] || '';","        // if $npm_config_timeout_exit exists,","        // then exit this process after $npm_config_timeout_exit ms","        if (Number(process.env.npm_config_timeout_exit)) {","            setTimeout(process.exit, Number(process.env.npm_config_timeout_exit));","        }","        // start server","        if (local.global.utility2_serverHttp1) {","            break;","        }","        process.env.PORT = process.env.PORT || '8081';","        console.error('server starting on port ' + process.env.PORT);","        local.http.createServer(function (request, response) {","            request.urlParsed = local.url.parse(request.url);","            if (local.assetsDict[request.urlParsed.pathname] !== undefined) {","                response.end(local.assetsDict[request.urlParsed.pathname]);","                return;","            }","            response.statusCode = 404;","            response.end();","        }).listen(process.env.PORT);","        break;","    }","}());"],"l":{"126":2,"128":2,"133":2,"135":2,"137":2,"138":2,"139":2,"144":1,"151":2,"155":2,"159":2,"161":2,"168":1,"169":2,"175":2,"178":2,"181":2,"182":2,"184":1,"188":2,"191":1,"192":1,"193":1,"194":1,"195":1,"198":1,"199":1,"201":1,"204":1,"206":2,"212":1,"214":1,"216":1,"221":1,"222":2,"223":2,"224":10,"225":10,"226":10,"227":10,"228":1,"231":10,"232":10,"237":10,"241":1,"242":3,"243":1,"247":1,"248":1,"256":1,"258":1,"259":83,"260":1,"264":1,"266":1,"453":1,"459":4,"460":4,"461":4,"462":1,"468":1,"473":6,"474":6,"476":1,"478":2,"480":1,"482":2,"484":1,"488":1,"489":1,"491":1,"496":1,"503":1,"506":1,"507":1,"510":1,"511":1,"513":1,"514":1,"515":1,"516":1,"517":1,"518":1,"519":1,"521":1,"522":1,"524":1}}}